$ next build
warn  - You have enabled experimental feature (transpilePackages) in next.config.js.
warn  - Experimental features are not covered by semver, and may cause unexpected or broken application behavior. Use at your own risk.

info  - Linting and checking validity of types...

./pages/[owner]/[repo].tsx
116:10  Warning: React Hook useEffect has missing dependencies: 'owner' and 'repo'. Either include them or remove the dependency array.  react-hooks/exhaustive-deps

./pages/_app.tsx
15:9  Warning: Custom fonts not added in `pages/_document.js` will only load for a single page. This is discouraged. See: https://nextjs.org/docs/messages/no-page-custom-font  @next/next/no-page-custom-font

info  - Need to disable some ESLint rules? Learn more here: https://nextjs.org/docs/basic-features/eslint#disabling-rules
info  - Creating an optimized production build...
info  - Compiled successfully
info  - Collecting page data...
info  - Generating static pages (0/5)
info  - Generating static pages (1/5)
info  - Generating static pages (2/5)
info  - Generating static pages (3/5)
info  - Generating static pages (5/5)
info  - Finalizing page optimization...

Route (pages)                              Size     First Load JS
┌ ○ /                                      1.11 kB        96.3 kB
├   /_app                                  0 B            85.6 kB
├ ○ /[owner]                               1.63 kB         112 kB
├ ○ /[owner]/[repo]                        6.16 kB         119 kB
└ ○ /404                                   181 B          85.7 kB
+ First Load JS shared by all              85.6 kB
  ├ chunks/framework-22108eb722d84e59.js   45.4 kB
  ├ chunks/main-1410642799689f9b.js        25.7 kB
  ├ chunks/pages/_app-15b3727751df108e.js  13.5 kB
  └ chunks/webpack-0b5d8249fb15f5f3.js     939 B

○  (Static)  automatically rendered as static HTML (uses no initial props)

